# JRE version: OpenJDK Runtime Environment (8.0_152-b01) (build 1.8.0_152-release-1248-b01)
# Java VM: OpenJDK 64-Bit Server VM (25.152-b01 mixed mode windows-amd64 compressed oops)
Heap:
 PSYoungGen      total 431616K, used 359093K [0x00000000e0000000, 0x00000000fcc00000, 0x0000000100000000)
  eden space 403456K, 86% used [0x00000000e0000000,0x00000000f56a5bc8,0x00000000f8a00000)
  from space 28160K, 29% used [0x00000000fb080000,0x00000000fb887848,0x00000000fcc00000)
  to   space 33792K, 0% used [0x00000000f8a00000,0x00000000f8a00000,0x00000000fab00000)
 ParOldGen       total 225280K, used 74296K [0x00000000a0000000, 0x00000000adc00000, 0x00000000e0000000)
  object space 225280K, 32% used [0x00000000a0000000,0x00000000a488e2e0,0x00000000adc00000)
 Metaspace       used 121328K, capacity 128912K, committed 129088K, reserved 1161216K
  class space    used 15171K, capacity 16691K, committed 16768K, reserved 1048576K
GC Heap History (10 events):
Event: 7700.367 GC heap before
{Heap before GC invocations=48 (full 4):
 PSYoungGen      total 343552K, used 311857K [0x00000000e0000000, 0x00000000f9980000, 0x0000000100000000)
  eden space 305152K, 100% used [0x00000000e0000000,0x00000000f2a00000,0x00000000f2a00000)
  from space 38400K, 17% used [0x00000000f2a00000,0x00000000f308c508,0x00000000f4f80000)
  to   space 38400K, 0% used [0x00000000f7400000,0x00000000f7400000,0x00000000f9980000)
 ParOldGen       total 225280K, used 70364K [0x00000000a0000000, 0x00000000adc00000, 0x00000000e0000000)
  object space 225280K, 31% used [0x00000000a0000000,0x00000000a44b7288,0x00000000adc00000)
 Metaspace       used 117329K, capacity 124210K, committed 124352K, reserved 1157120K
  class space    used 14599K, capacity 16033K, committed 16128K, reserved 1048576K
Event: 7700.409 GC heap after
Heap after GC invocations=48 (full 4):
 PSYoungGen      total 376832K, used 8023K [0x00000000e0000000, 0x00000000f9700000, 0x0000000100000000)
  eden space 340992K, 0% used [0x00000000e0000000,0x00000000e0000000,0x00000000f4d00000)
  from space 35840K, 22% used [0x00000000f7400000,0x00000000f7bd5c60,0x00000000f9700000)
  to   space 37888K, 0% used [0x00000000f4d00000,0x00000000f4d00000,0x00000000f7200000)
 ParOldGen       total 225280K, used 74248K [0x00000000a0000000, 0x00000000adc00000, 0x00000000e0000000)
  object space 225280K, 32% used [0x00000000a0000000,0x00000000a48822e0,0x00000000adc00000)
 Metaspace       used 117329K, capacity 124210K, committed 124352K, reserved 1157120K
  class space    used 14599K, capacity 16033K, committed 16128K, reserved 1048576K
}
Event: 7702.168 GC heap before
{Heap before GC invocations=49 (full 4):
 PSYoungGen      total 376832K, used 349015K [0x00000000e0000000, 0x00000000f9700000, 0x0000000100000000)
  eden space 340992K, 100% used [0x00000000e0000000,0x00000000f4d00000,0x00000000f4d00000)
  from space 35840K, 22% used [0x00000000f7400000,0x00000000f7bd5c60,0x00000000f9700000)
  to   space 37888K, 0% used [0x00000000f4d00000,0x00000000f4d00000,0x00000000f7200000)
 ParOldGen       total 225280K, used 74248K [0x00000000a0000000, 0x00000000adc00000, 0x00000000e0000000)
  object space 225280K, 32% used [0x00000000a0000000,0x00000000a48822e0,0x00000000adc00000)
 Metaspace       used 117348K, capacity 124292K, committed 124608K, reserved 1157120K
  class space    used 14600K, capacity 16034K, committed 16128K, reserved 1048576K
Event: 7702.187 GC heap after
Heap after GC invocations=49 (full 4):
 PSYoungGen      total 378880K, used 8191K [0x00000000e0000000, 0x00000000fb900000, 0x0000000100000000)
  eden space 340992K, 0% used [0x00000000e0000000,0x00000000e0000000,0x00000000f4d00000)
  from space 37888K, 21% used [0x00000000f4d00000,0x00000000f54ffeb8,0x00000000f7200000)
  to   space 36864K, 0% used [0x00000000f9500000,0x00000000f9500000,0x00000000fb900000)
 ParOldGen       total 225280K, used 74272K [0x00000000a0000000, 0x00000000adc00000, 0x00000000e0000000)
  object space 225280K, 32% used [0x00000000a0000000,0x00000000a48882e0,0x00000000adc00000)
 Metaspace       used 117348K, capacity 124292K, committed 124608K, reserved 1157120K
  class space    used 14600K, capacity 16034K, committed 16128K, reserved 1048576K
}
Event: 7704.090 GC heap before
{Heap before GC invocations=50 (full 4):
 PSYoungGen      total 378880K, used 349183K [0x00000000e0000000, 0x00000000fb900000, 0x0000000100000000)
  eden space 340992K, 100% used [0x00000000e0000000,0x00000000f4d00000,0x00000000f4d00000)
  from space 37888K, 21% used [0x00000000f4d00000,0x00000000f54ffeb8,0x00000000f7200000)
  to   space 36864K, 0% used [0x00000000f9500000,0x00000000f9500000,0x00000000fb900000)
 ParOldGen       total 225280K, used 74272K [0x00000000a0000000, 0x00000000adc00000, 0x00000000e0000000)
  object space 225280K, 32% used [0x00000000a0000000,0x00000000a48882e0,0x00000000adc00000)
 Metaspace       used 117438K, capacity 124388K, committed 124608K, reserved 1157120K
  class space    used 14617K, capacity 16066K, committed 16128K, reserved 1048576K
Event: 7704.111 GC heap after
Heap after GC invocations=50 (full 4):
 PSYoungGen      total 407552K, used 6105K [0x00000000e0000000, 0x00000000fb500000, 0x0000000100000000)
  eden space 374784K, 0% used [0x00000000e0000000,0x00000000e0000000,0x00000000f6e00000)
  from space 32768K, 18% used [0x00000000f9500000,0x00000000f9af65e8,0x00000000fb500000)
  to   space 36352K, 0% used [0x00000000f6e00000,0x00000000f6e00000,0x00000000f9180000)
 ParOldGen       total 225280K, used 74288K [0x00000000a0000000, 0x00000000adc00000, 0x00000000e0000000)
  object space 225280K, 32% used [0x00000000a0000000,0x00000000a488c2e0,0x00000000adc00000)
 Metaspace       used 117438K, capacity 124388K, committed 124608K, reserved 1157120K
  class space    used 14617K, capacity 16066K, committed 16128K, reserved 1048576K
}
Event: 7708.693 GC heap before
{Heap before GC invocations=51 (full 4):
 PSYoungGen      total 407552K, used 380889K [0x00000000e0000000, 0x00000000fb500000, 0x0000000100000000)
  eden space 374784K, 100% used [0x00000000e0000000,0x00000000f6e00000,0x00000000f6e00000)
  from space 32768K, 18% used [0x00000000f9500000,0x00000000f9af65e8,0x00000000fb500000)
  to   space 36352K, 0% used [0x00000000f6e00000,0x00000000f6e00000,0x00000000f9180000)
 ParOldGen       total 225280K, used 74288K [0x00000000a0000000, 0x00000000adc00000, 0x00000000e0000000)
  object space 225280K, 32% used [0x00000000a0000000,0x00000000a488c2e0,0x00000000adc00000)
 Metaspace       used 118359K, capacity 125442K, committed 125760K, reserved 1159168K
  class space    used 14723K, capacity 16173K, committed 16256K, reserved 1048576K
Event: 7708.724 GC heap after
Heap after GC invocations=51 (full 4):
 PSYoungGen      total 411136K, used 15971K [0x00000000e0000000, 0x00000000fd280000, 0x0000000100000000)
  eden space 374784K, 0% used [0x00000000e0000000,0x00000000e0000000,0x00000000f6e00000)
  from space 36352K, 43% used [0x00000000f6e00000,0x00000000f7d98cf8,0x00000000f9180000)
  to   space 34816K, 0% used [0x00000000fb080000,0x00000000fb080000,0x00000000fd280000)
 ParOldGen       total 225280K, used 74288K [0x00000000a0000000, 0x00000000adc00000, 0x00000000e0000000)
  object space 225280K, 32% used [0x00000000a0000000,0x00000000a488c2e0,0x00000000adc00000)
 Metaspace       used 118359K, capacity 125442K, committed 125760K, reserved 1159168K
  class space    used 14723K, capacity 16173K, committed 16256K, reserved 1048576K
}
Event: 7714.153 GC heap before
{Heap before GC invocations=52 (full 4):
 PSYoungGen      total 411136K, used 390327K [0x00000000e0000000, 0x00000000fd280000, 0x0000000100000000)
  eden space 374784K, 99% used [0x00000000e0000000,0x00000000f6d95198,0x00000000f6e00000)
  from space 36352K, 43% used [0x00000000f6e00000,0x00000000f7d98cf8,0x00000000f9180000)
  to   space 34816K, 0% used [0x00000000fb080000,0x00000000fb080000,0x00000000fd280000)
 ParOldGen       total 225280K, used 74288K [0x00000000a0000000, 0x00000000adc00000, 0x00000000e0000000)
  object space 225280K, 32% used [0x00000000a0000000,0x00000000a488c2e0,0x00000000adc00000)
 Metaspace       used 120289K, capacity 127656K, committed 127936K, reserved 1161216K
  class space    used 15007K, capacity 16516K, committed 16640K, reserved 1048576K
Event: 7714.165 GC heap after
Heap after GC invocations=52 (full 4):
 PSYoungGen      total 431616K, used 8222K [0x00000000e0000000, 0x00000000fcc00000, 0x0000000100000000)
  eden space 403456K, 0% used [0x00000000e0000000,0x00000000e0000000,0x00000000f8a00000)
  from space 28160K, 29% used [0x00000000fb080000,0x00000000fb887848,0x00000000fcc00000)
  to   space 33792K, 0% used [0x00000000f8a00000,0x00000000f8a00000,0x00000000fab00000)
 ParOldGen       total 225280K, used 74296K [0x00000000a0000000, 0x00000000adc00000, 0x00000000e0000000)
  object space 225280K, 32% used [0x00000000a0000000,0x00000000a488e2e0,0x00000000adc00000)
 Metaspace       used 120289K, capacity 127656K, committed 127936K, reserved 1161216K
  class space    used 15007K, capacity 16516K, committed 16640K, reserved 1048576K
}

