# JRE version: OpenJDK Runtime Environment (8.0_152-b01) (build 1.8.0_152-release-1248-b01)
# Java VM: OpenJDK 64-Bit Server VM (25.152-b01 mixed mode windows-amd64 compressed oops)
Heap:
 PSYoungGen      total 76800K, used 44584K [0x00000000e0000000, 0x00000000e8c00000, 0x0000000100000000)
  eden space 66560K, 53% used [0x00000000e0000000,0x00000000e22bc140,0x00000000e4100000)
  from space 10240K, 88% used [0x00000000e4100000,0x00000000e49ce160,0x00000000e4b00000)
  to   space 11264K, 0% used [0x00000000e8100000,0x00000000e8100000,0x00000000e8c00000)
 ParOldGen       total 50688K, used 7105K [0x00000000a0000000, 0x00000000a3180000, 0x00000000e0000000)
  object space 50688K, 14% used [0x00000000a0000000,0x00000000a06f05e0,0x00000000a3180000)
 Metaspace       used 31453K, capacity 32020K, committed 32384K, reserved 1077248K
  class space    used 4233K, capacity 4432K, committed 4480K, reserved 1048576K
GC Heap History (10 events):
Event: 3.374 GC heap before
{Heap before GC invocations=4 (full 0):
 PSYoungGen      total 38400K, used 38384K [0x00000000e0000000, 0x00000000e2a80000, 0x0000000100000000)
  eden space 33280K, 100% used [0x00000000e0000000,0x00000000e2080000,0x00000000e2080000)
  from space 5120K, 99% used [0x00000000e2080000,0x00000000e257c010,0x00000000e2580000)
  to   space 5120K, 0% used [0x00000000e2580000,0x00000000e2580000,0x00000000e2a80000)
 ParOldGen       total 87552K, used 1914K [0x00000000a0000000, 0x00000000a5580000, 0x00000000e0000000)
  object space 87552K, 2% used [0x00000000a0000000,0x00000000a01deb50,0x00000000a5580000)
 Metaspace       used 16270K, capacity 16628K, committed 16896K, reserved 1062912K
  class space    used 2327K, capacity 2486K, committed 2560K, reserved 1048576K
Event: 3.398 GC heap after
Heap after GC invocations=4 (full 0):
 PSYoungGen      total 38400K, used 5104K [0x00000000e0000000, 0x00000000e4b00000, 0x0000000100000000)
  eden space 33280K, 0% used [0x00000000e0000000,0x00000000e0000000,0x00000000e2080000)
  from space 5120K, 99% used [0x00000000e2580000,0x00000000e2a7c030,0x00000000e2a80000)
  to   space 5120K, 0% used [0x00000000e2080000,0x00000000e2080000,0x00000000e2580000)
 ParOldGen       total 87552K, used 5152K [0x00000000a0000000, 0x00000000a5580000, 0x00000000e0000000)
  object space 87552K, 5% used [0x00000000a0000000,0x00000000a05080f8,0x00000000a5580000)
 Metaspace       used 16270K, capacity 16628K, committed 16896K, reserved 1062912K
  class space    used 2327K, capacity 2486K, committed 2560K, reserved 1048576K
}
Event: 8.299 GC heap before
{Heap before GC invocations=5 (full 0):
 PSYoungGen      total 38400K, used 38384K [0x00000000e0000000, 0x00000000e4b00000, 0x0000000100000000)
  eden space 33280K, 100% used [0x00000000e0000000,0x00000000e2080000,0x00000000e2080000)
  from space 5120K, 99% used [0x00000000e2580000,0x00000000e2a7c030,0x00000000e2a80000)
  to   space 5120K, 0% used [0x00000000e2080000,0x00000000e2080000,0x00000000e2580000)
 ParOldGen       total 87552K, used 5152K [0x00000000a0000000, 0x00000000a5580000, 0x00000000e0000000)
  object space 87552K, 5% used [0x00000000a0000000,0x00000000a05080f8,0x00000000a5580000)
 Metaspace       used 19747K, capacity 20284K, committed 20480K, reserved 1067008K
  class space    used 2813K, capacity 3026K, committed 3072K, reserved 1048576K
Event: 8.311 GC heap after
Heap after GC invocations=5 (full 0):
 PSYoungGen      total 38400K, used 5095K [0x00000000e0000000, 0x00000000e5600000, 0x0000000100000000)
  eden space 33280K, 0% used [0x00000000e0000000,0x00000000e0000000,0x00000000e2080000)
  from space 5120K, 99% used [0x00000000e2080000,0x00000000e2579f80,0x00000000e2580000)
  to   space 10752K, 0% used [0x00000000e4b80000,0x00000000e4b80000,0x00000000e5600000)
 ParOldGen       total 87552K, used 8872K [0x00000000a0000000, 0x00000000a5580000, 0x00000000e0000000)
  object space 87552K, 10% used [0x00000000a0000000,0x00000000a08aa018,0x00000000a5580000)
 Metaspace       used 19747K, capacity 20284K, committed 20480K, reserved 1067008K
  class space    used 2813K, capacity 3026K, committed 3072K, reserved 1048576K
}
Event: 8.430 GC heap before
{Heap before GC invocations=6 (full 0):
 PSYoungGen      total 38400K, used 11651K [0x00000000e0000000, 0x00000000e5600000, 0x0000000100000000)
  eden space 33280K, 19% used [0x00000000e0000000,0x00000000e0666d28,0x00000000e2080000)
  from space 5120K, 99% used [0x00000000e2080000,0x00000000e2579f80,0x00000000e2580000)
  to   space 10752K, 0% used [0x00000000e4b80000,0x00000000e4b80000,0x00000000e5600000)
 ParOldGen       total 87552K, used 8872K [0x00000000a0000000, 0x00000000a5580000, 0x00000000e0000000)
  object space 87552K, 10% used [0x00000000a0000000,0x00000000a08aa018,0x00000000a5580000)
 Metaspace       used 20634K, capacity 21116K, committed 21296K, reserved 1067008K
  class space    used 2945K, capacity 3154K, committed 3200K, reserved 1048576K
Event: 8.439 GC heap after
Heap after GC invocations=6 (full 0):
 PSYoungGen      total 76288K, used 5857K [0x00000000e0000000, 0x00000000e5500000, 0x0000000100000000)
  eden space 66560K, 0% used [0x00000000e0000000,0x00000000e0000000,0x00000000e4100000)
  from space 9728K, 60% used [0x00000000e4b80000,0x00000000e51384a8,0x00000000e5500000)
  to   space 10240K, 0% used [0x00000000e4100000,0x00000000e4100000,0x00000000e4b00000)
 ParOldGen       total 87552K, used 8872K [0x00000000a0000000, 0x00000000a5580000, 0x00000000e0000000)
  object space 87552K, 10% used [0x00000000a0000000,0x00000000a08aa018,0x00000000a5580000)
 Metaspace       used 20634K, capacity 21116K, committed 21296K, reserved 1067008K
  class space    used 2945K, capacity 3154K, committed 3200K, reserved 1048576K
}
Event: 8.439 GC heap before
{Heap before GC invocations=7 (full 1):
 PSYoungGen      total 76288K, used 5857K [0x00000000e0000000, 0x00000000e5500000, 0x0000000100000000)
  eden space 66560K, 0% used [0x00000000e0000000,0x00000000e0000000,0x00000000e4100000)
  from space 9728K, 60% used [0x00000000e4b80000,0x00000000e51384a8,0x00000000e5500000)
  to   space 10240K, 0% used [0x00000000e4100000,0x00000000e4100000,0x00000000e4b00000)
 ParOldGen       total 87552K, used 8872K [0x00000000a0000000, 0x00000000a5580000, 0x00000000e0000000)
  object space 87552K, 10% used [0x00000000a0000000,0x00000000a08aa018,0x00000000a5580000)
 Metaspace       used 20634K, capacity 21116K, committed 21296K, reserved 1067008K
  class space    used 2945K, capacity 3154K, committed 3200K, reserved 1048576K
Event: 8.487 GC heap after
Heap after GC invocations=7 (full 1):
 PSYoungGen      total 76288K, used 0K [0x00000000e0000000, 0x00000000e5500000, 0x0000000100000000)
  eden space 66560K, 0% used [0x00000000e0000000,0x00000000e0000000,0x00000000e4100000)
  from space 9728K, 0% used [0x00000000e4b80000,0x00000000e4b80000,0x00000000e5500000)
  to   space 10240K, 0% used [0x00000000e4100000,0x00000000e4100000,0x00000000e4b00000)
 ParOldGen       total 50688K, used 7097K [0x00000000a0000000, 0x00000000a3180000, 0x00000000e0000000)
  object space 50688K, 14% used [0x00000000a0000000,0x00000000a06ee5e0,0x00000000a3180000)
 Metaspace       used 20634K, capacity 21116K, committed 21296K, reserved 1067008K
  class space    used 2945K, capacity 3154K, committed 3200K, reserved 1048576K
}
Event: 10.772 GC heap before
{Heap before GC invocations=8 (full 1):
 PSYoungGen      total 76288K, used 66560K [0x00000000e0000000, 0x00000000e5500000, 0x0000000100000000)
  eden space 66560K, 100% used [0x00000000e0000000,0x00000000e4100000,0x00000000e4100000)
  from space 9728K, 0% used [0x00000000e4b80000,0x00000000e4b80000,0x00000000e5500000)
  to   space 10240K, 0% used [0x00000000e4100000,0x00000000e4100000,0x00000000e4b00000)
 ParOldGen       total 50688K, used 7097K [0x00000000a0000000, 0x00000000a3180000, 0x00000000e0000000)
  object space 50688K, 14% used [0x00000000a0000000,0x00000000a06ee5e0,0x00000000a3180000)
 Metaspace       used 29099K, capacity 29644K, committed 29952K, reserved 1075200K
  class space    used 3844K, capacity 4068K, committed 4096K, reserved 1048576K
Event: 10.788 GC heap after
Heap after GC invocations=8 (full 1):
 PSYoungGen      total 76800K, used 9016K [0x00000000e0000000, 0x00000000e8c00000, 0x0000000100000000)
  eden space 66560K, 0% used [0x00000000e0000000,0x00000000e0000000,0x00000000e4100000)
  from space 10240K, 88% used [0x00000000e4100000,0x00000000e49ce160,0x00000000e4b00000)
  to   space 11264K, 0% used [0x00000000e8100000,0x00000000e8100000,0x00000000e8c00000)
 ParOldGen       total 50688K, used 7105K [0x00000000a0000000, 0x00000000a3180000, 0x00000000e0000000)
  object space 50688K, 14% used [0x00000000a0000000,0x00000000a06f05e0,0x00000000a3180000)
 Metaspace       used 29099K, capacity 29644K, committed 29952K, reserved 1075200K
  class space    used 3844K, capacity 4068K, committed 4096K, reserved 1048576K
}

