# JRE version: OpenJDK Runtime Environment (8.0_152-b01) (build 1.8.0_152-release-1343-b01)
# Java VM: OpenJDK 64-Bit Server VM (25.152-b01 mixed mode windows-amd64 compressed oops)
Heap:
 PSYoungGen      total 116736K, used 75655K [0x00000000f5580000, 0x0000000100000000, 0x0000000100000000)
  eden space 58880K, 56% used [0x00000000f5580000,0x00000000f75edd70,0x00000000f8f00000)
  from space 57856K, 73% used [0x00000000f8f00000,0x00000000fb874130,0x00000000fc780000)
  to   space 57856K, 0% used [0x00000000fc780000,0x00000000fc780000,0x0000000100000000)
 ParOldGen       total 339456K, used 140397K [0x00000000e0000000, 0x00000000f4b80000, 0x00000000f5580000)
  object space 339456K, 41% used [0x00000000e0000000,0x00000000e891b678,0x00000000f4b80000)
 Metaspace       used 100354K, capacity 103072K, committed 104280K, reserved 1144832K
  class space    used 12543K, capacity 13157K, committed 13440K, reserved 1048576K
GC Heap History (10 events):
Event: 4591.680 GC heap before
{Heap before GC invocations=25 (full 3):
 PSYoungGen      total 124928K, used 124902K [0x00000000f5580000, 0x0000000100000000, 0x0000000100000000)
  eden space 75264K, 100% used [0x00000000f5580000,0x00000000f9f00000,0x00000000f9f00000)
  from space 49664K, 99% used [0x00000000f9f00000,0x00000000fcf79ad0,0x00000000fcf80000)
  to   space 49664K, 0% used [0x00000000fcf80000,0x00000000fcf80000,0x0000000100000000)
 ParOldGen       total 185856K, used 92986K [0x00000000e0000000, 0x00000000eb580000, 0x00000000f5580000)
  object space 185856K, 50% used [0x00000000e0000000,0x00000000e5ace9f0,0x00000000eb580000)
 Metaspace       used 93595K, capacity 96838K, committed 97112K, reserved 1134592K
  class space    used 11776K, capacity 12405K, committed 12416K, reserved 1048576K
Event: 4591.799 GC heap after
Heap after GC invocations=25 (full 3):
 PSYoungGen      total 108544K, used 49635K [0x00000000f5580000, 0x0000000100000000, 0x0000000100000000)
  eden space 58880K, 0% used [0x00000000f5580000,0x00000000f5580000,0x00000000f8f00000)
  from space 49664K, 99% used [0x00000000fcf80000,0x00000000ffff8ff0,0x0000000100000000)
  to   space 57856K, 0% used [0x00000000f8f00000,0x00000000f8f00000,0x00000000fc780000)
 ParOldGen       total 185856K, used 133204K [0x00000000e0000000, 0x00000000eb580000, 0x00000000f5580000)
  object space 185856K, 71% used [0x00000000e0000000,0x00000000e8215388,0x00000000eb580000)
 Metaspace       used 93595K, capacity 96838K, committed 97112K, reserved 1134592K
  class space    used 11776K, capacity 12405K, committed 12416K, reserved 1048576K
}
Event: 4592.260 GC heap before
{Heap before GC invocations=26 (full 3):
 PSYoungGen      total 108544K, used 108515K [0x00000000f5580000, 0x0000000100000000, 0x0000000100000000)
  eden space 58880K, 100% used [0x00000000f5580000,0x00000000f8f00000,0x00000000f8f00000)
  from space 49664K, 99% used [0x00000000fcf80000,0x00000000ffff8ff0,0x0000000100000000)
  to   space 57856K, 0% used [0x00000000f8f00000,0x00000000f8f00000,0x00000000fc780000)
 ParOldGen       total 185856K, used 133204K [0x00000000e0000000, 0x00000000eb580000, 0x00000000f5580000)
  object space 185856K, 71% used [0x00000000e0000000,0x00000000e8215388,0x00000000eb580000)
 Metaspace       used 93626K, capacity 96838K, committed 97112K, reserved 1134592K
  class space    used 11776K, capacity 12405K, committed 12416K, reserved 1048576K
Event: 4592.448 GC heap after
Heap after GC invocations=26 (full 3):
 PSYoungGen      total 116736K, used 57838K [0x00000000f5580000, 0x0000000100000000, 0x0000000100000000)
  eden space 58880K, 0% used [0x00000000f5580000,0x00000000f5580000,0x00000000f8f00000)
  from space 57856K, 99% used [0x00000000f8f00000,0x00000000fc77bb18,0x00000000fc780000)
  to   space 57856K, 0% used [0x00000000fc780000,0x00000000fc780000,0x0000000100000000)
 ParOldGen       total 185856K, used 163842K [0x00000000e0000000, 0x00000000eb580000, 0x00000000f5580000)
  object space 185856K, 88% used [0x00000000e0000000,0x00000000ea000970,0x00000000eb580000)
 Metaspace       used 93626K, capacity 96838K, committed 97112K, reserved 1134592K
  class space    used 11776K, capacity 12405K, committed 12416K, reserved 1048576K
}
Event: 4592.510 GC heap before
{Heap before GC invocations=27 (full 4):
 PSYoungGen      total 116736K, used 57838K [0x00000000f5580000, 0x0000000100000000, 0x0000000100000000)
  eden space 58880K, 0% used [0x00000000f5580000,0x00000000f5580000,0x00000000f8f00000)
  from space 57856K, 99% used [0x00000000f8f00000,0x00000000fc77bb18,0x00000000fc780000)
  to   space 57856K, 0% used [0x00000000fc780000,0x00000000fc780000,0x0000000100000000)
 ParOldGen       total 185856K, used 163842K [0x00000000e0000000, 0x00000000eb580000, 0x00000000f5580000)
  object space 185856K, 88% used [0x00000000e0000000,0x00000000ea000970,0x00000000eb580000)
 Metaspace       used 93626K, capacity 96838K, committed 97112K, reserved 1134592K
  class space    used 11776K, capacity 12405K, committed 12416K, reserved 1048576K
Event: 4597.016 GC heap after
Heap after GC invocations=27 (full 4):
 PSYoungGen      total 116736K, used 0K [0x00000000f5580000, 0x0000000100000000, 0x0000000100000000)
  eden space 58880K, 0% used [0x00000000f5580000,0x00000000f5580000,0x00000000f8f00000)
  from space 57856K, 0% used [0x00000000f8f00000,0x00000000f8f00000,0x00000000fc780000)
  to   space 57856K, 0% used [0x00000000fc780000,0x00000000fc780000,0x0000000100000000)
 ParOldGen       total 339456K, used 140381K [0x00000000e0000000, 0x00000000f4b80000, 0x00000000f5580000)
  object space 339456K, 41% used [0x00000000e0000000,0x00000000e8917678,0x00000000f4b80000)
 Metaspace       used 92758K, capacity 95178K, committed 97112K, reserved 1134592K
  class space    used 11611K, capacity 12122K, committed 12416K, reserved 1048576K
}
Event: 4600.561 GC heap before
{Heap before GC invocations=28 (full 4):
 PSYoungGen      total 116736K, used 58880K [0x00000000f5580000, 0x0000000100000000, 0x0000000100000000)
  eden space 58880K, 100% used [0x00000000f5580000,0x00000000f8f00000,0x00000000f8f00000)
  from space 57856K, 0% used [0x00000000f8f00000,0x00000000f8f00000,0x00000000fc780000)
  to   space 57856K, 0% used [0x00000000fc780000,0x00000000fc780000,0x0000000100000000)
 ParOldGen       total 339456K, used 140381K [0x00000000e0000000, 0x00000000f4b80000, 0x00000000f5580000)
  object space 339456K, 41% used [0x00000000e0000000,0x00000000e8917678,0x00000000f4b80000)
 Metaspace       used 93541K, capacity 95978K, committed 97752K, reserved 1134592K
  class space    used 11686K, capacity 12218K, committed 12544K, reserved 1048576K
Event: 4600.627 GC heap after
Heap after GC invocations=28 (full 4):
 PSYoungGen      total 116736K, used 39696K [0x00000000f5580000, 0x0000000100000000, 0x0000000100000000)
  eden space 58880K, 0% used [0x00000000f5580000,0x00000000f5580000,0x00000000f8f00000)
  from space 57856K, 68% used [0x00000000fc780000,0x00000000fee44098,0x0000000100000000)
  to   space 57856K, 0% used [0x00000000f8f00000,0x00000000f8f00000,0x00000000fc780000)
 ParOldGen       total 339456K, used 140389K [0x00000000e0000000, 0x00000000f4b80000, 0x00000000f5580000)
  object space 339456K, 41% used [0x00000000e0000000,0x00000000e8919678,0x00000000f4b80000)
 Metaspace       used 93541K, capacity 95978K, committed 97752K, reserved 1134592K
  class space    used 11686K, capacity 12218K, committed 12544K, reserved 1048576K
}
Event: 4614.689 GC heap before
{Heap before GC invocations=29 (full 4):
 PSYoungGen      total 116736K, used 98576K [0x00000000f5580000, 0x0000000100000000, 0x0000000100000000)
  eden space 58880K, 100% used [0x00000000f5580000,0x00000000f8f00000,0x00000000f8f00000)
  from space 57856K, 68% used [0x00000000fc780000,0x00000000fee44098,0x0000000100000000)
  to   space 57856K, 0% used [0x00000000f8f00000,0x00000000f8f00000,0x00000000fc780000)
 ParOldGen       total 339456K, used 140389K [0x00000000e0000000, 0x00000000f4b80000, 0x00000000f5580000)
  object space 339456K, 41% used [0x00000000e0000000,0x00000000e8919678,0x00000000f4b80000)
 Metaspace       used 94808K, capacity 97384K, committed 98904K, reserved 1136640K
  class space    used 11803K, capacity 12395K, committed 12672K, reserved 1048576K
Event: 4614.747 GC heap after
Heap after GC invocations=29 (full 4):
 PSYoungGen      total 116736K, used 42448K [0x00000000f5580000, 0x0000000100000000, 0x0000000100000000)
  eden space 58880K, 0% used [0x00000000f5580000,0x00000000f5580000,0x00000000f8f00000)
  from space 57856K, 73% used [0x00000000f8f00000,0x00000000fb874130,0x00000000fc780000)
  to   space 57856K, 0% used [0x00000000fc780000,0x00000000fc780000,0x0000000100000000)
 ParOldGen       total 339456K, used 140397K [0x00000000e0000000, 0x00000000f4b80000, 0x00000000f5580000)
  object space 339456K, 41% used [0x00000000e0000000,0x00000000e891b678,0x00000000f4b80000)
 Metaspace       used 94808K, capacity 97384K, committed 98904K, reserved 1136640K
  class space    used 11803K, capacity 12395K, committed 12672K, reserved 1048576K
}

